<?xml version="1.0" encoding="UTF-8"?>
<!-- Generated by org.testng.reporters.JUnitXMLReporter -->
<testsuite hostname="Hameed" ignored="2" name="Default test(failed)" tests="1" failures="1" timestamp="24 Nov 2021 14:34:08 GMT" time="0.109" errors="0">
  <testcase name="tc02" time="0.031" classname="org.maven.ReRun">
    <failure type="java.lang.AssertionError" message="expected [true] but found [false]">
      <![CDATA[java.lang.AssertionError: expected [true] but found [false]
at org.maven.ReRun.tc02(ReRun.java:16)
... Removed 29 stack frames]]>
    </failure>
  </testcase> <!-- tc02 -->
  <testcase name="tc03" time="0.0" classname="org.maven.ReRun">
    <ignored/>
  </testcase> <!-- tc03 -->
  <testcase name="tc01" time="0.0" classname="org.maven.ReRun">
    <ignored/>
  </testcase> <!-- tc01 -->
</testsuite> <!-- Default test(failed) -->
