<?xml version="1.0" encoding="UTF-8"?>
<testng-results skipped="0" failed="0" ignored="0" total="5" passed="5">
  <reporter-output>
  </reporter-output>
  <suite name="Default suite" duration-ms="27680" started-at="2021-11-27T09:12:53Z" finished-at="2021-11-27T09:13:21Z">
    <groups>
    </groups>
    <test name="Default test" duration-ms="27680" started-at="2021-11-27T09:12:53Z" finished-at="2021-11-27T09:13:21Z">
      <class name="org.maven.testNgDataProvider">
        <test-method status="PASS" signature="testing(java.lang.String, java.lang.String)[pri:0, instance:org.maven.testNgDataProvider@57fffcd7]" name="testing" duration-ms="6673" started-at="2021-11-27T09:12:54Z" data-provider="facebook" finished-at="2021-11-27T09:13:01Z">
          <params>
            <param index="0">
              <value>
                <![CDATA[hameed1234]]>
              </value>
            </param>
            <param index="1">
              <value>
                <![CDATA[1.3445567E7]]>
              </value>
            </param>
          </params>
          <reporter-output>
          </reporter-output>
        </test-method> <!-- testing -->
        <test-method status="PASS" signature="testing(java.lang.String, java.lang.String)[pri:0, instance:org.maven.testNgDataProvider@57fffcd7]" name="testing" duration-ms="4930" started-at="2021-11-27T09:13:01Z" data-provider="facebook" finished-at="2021-11-27T09:13:06Z">
          <params>
            <param index="0">
              <value>
                <![CDATA[raman1235]]>
              </value>
            </param>
            <param index="1">
              <value>
                <![CDATA[f768ekjw]]>
              </value>
            </param>
          </params>
          <reporter-output>
          </reporter-output>
        </test-method> <!-- testing -->
        <test-method status="PASS" signature="testing(java.lang.String, java.lang.String)[pri:0, instance:org.maven.testNgDataProvider@57fffcd7]" name="testing" duration-ms="5421" started-at="2021-11-27T09:13:06Z" data-provider="facebook" finished-at="2021-11-27T09:13:11Z">
          <params>
            <param index="0">
              <value>
                <![CDATA[vicky1236]]>
              </value>
            </param>
            <param index="1">
              <value>
                <![CDATA[skjbdkksd]]>
              </value>
            </param>
          </params>
          <reporter-output>
          </reporter-output>
        </test-method> <!-- testing -->
        <test-method status="PASS" signature="testing(java.lang.String, java.lang.String)[pri:0, instance:org.maven.testNgDataProvider@57fffcd7]" name="testing" duration-ms="4712" started-at="2021-11-27T09:13:11Z" data-provider="facebook" finished-at="2021-11-27T09:13:16Z">
          <params>
            <param index="0">
              <value>
                <![CDATA[durai1237]]>
              </value>
            </param>
            <param index="1">
              <value>
                <![CDATA[kjfkshdfe]]>
              </value>
            </param>
          </params>
          <reporter-output>
          </reporter-output>
        </test-method> <!-- testing -->
        <test-method status="PASS" signature="testing(java.lang.String, java.lang.String)[pri:0, instance:org.maven.testNgDataProvider@57fffcd7]" name="testing" duration-ms="4898" started-at="2021-11-27T09:13:16Z" data-provider="facebook" finished-at="2021-11-27T09:13:21Z">
          <params>
            <param index="0">
              <value>
                <![CDATA[muthu1238]]>
              </value>
            </param>
            <param index="1">
              <value>
                <![CDATA[wye9128]]>
              </value>
            </param>
          </params>
          <reporter-output>
          </reporter-output>
        </test-method> <!-- testing -->
      </class> <!-- org.maven.testNgDataProvider -->
    </test> <!-- Default test -->
  </suite> <!-- Default suite -->
</testng-results>
