<?xml version="1.0" encoding="UTF-8"?>
<!-- Generated by org.testng.reporters.JUnitXMLReporter -->
<testsuite hostname="Hameed" ignored="0" name="Test" tests="4" failures="0" timestamp="22 Nov 2021 14:07:55 GMT" time="0.489" errors="0">
  <testcase name="tc03" time="0.014" classname="org.maven.TestNgParallel"/>
  <testcase name="tc02" time="0.006" classname="org.maven.TestNgParallel"/>
  <testcase name="tc05" time="0.291" classname="org.maven.TestNgParallel"/>
  <testcase name="tc04" time="0.368" classname="org.maven.TestNgParallel"/>
</testsuite> <!-- Test -->
